1731935545038	geckodriver	INFO	Listening on 127.0.0.1:58103
1731935545058	mozrunner::runner	INFO	Running command: MOZ_CRASHREPORTER="1" MOZ_CRASHREPORTER_NO_REPORT="1" MOZ_CRASHREPORTER_SHUTDOWN="1" MOZ_NO_REMOTE="1" "/usr ... te" "--remote-debugging-port" "60881" "--remote-allow-hosts" "localhost" "-no-remote" "-profile" "/tmp/rust_mozprofileY4ttaj"
Error: Failed to open Wayland display, fallback to X11. WAYLAND_DISPLAY='wayland-0' DISPLAY=':0'
console.warn: services.settings: Ignoring preference override of remote settings server
console.warn: services.settings: Allow by setting MOZ_REMOTE_SETTINGS_DEVTOOLS=1 in the environment
1731935545992	Marionette	INFO	Marionette enabled
1731935546213	Marionette	INFO	Listening on port 38673
Read port: 38673
WebDriver BiDi listening on ws://127.0.0.1:60881
1731935546686	RemoteAgent	WARN	TLS certificate errors will be ignored for this session
console.error: ({})
DevTools listening on ws://127.0.0.1:60881/devtools/browser/ef18e5d0-ddfd-4409-a027-cc2a1af43f17
[Parent 33673, IPC I/O Parent] WARNING: process 33831 is a zombie: file /builds/worker/checkouts/gecko/ipc/chromium/src/base/process_util_posix.cc:245
console.warn: LoginRecipes: "Falling back to a synchronous message for: http://localhost:5001."
console.warn: LoginRecipes: "Falling back to a synchronous message for: http://localhost:5001."
1731935563650	Marionette	INFO	Stopped listening on port 38673
[Parent 33673, IPC I/O Parent] WARNING: process 33894 is a zombie: file /builds/worker/checkouts/gecko/ipc/chromium/src/base/process_util_posix.cc:245
[Parent 33673, IPC I/O Parent] WARNING: process 33800 is a zombie: file /builds/worker/checkouts/gecko/ipc/chromium/src/base/process_util_posix.cc:245
1731935563731	geckodriver::marionette	ERROR	Failed to close browser connection: unknown error
[ERROR glean_core] Can't persist ping lifetime data: Error { kind: Rkv(IoError(Os { code: 2, kind: NotFound, message: "No such file or directory" })) }
